c:\projects\lab8-11\lab8-11\debug\vc142.pdb
c:\projects\lab8-11\lab8-11\debug\vc142.idb
c:\projects\lab8-11\lab8-11\debug\repo.obj
c:\projects\lab8-11\lab8-11\debug\lab8-11.obj
c:\projects\lab8-11\lab8-11\debug\film.obj
c:\projects\lab8-11\lab8-11\debug\artist.obj
c:\projects\lab8-11\lab8-11\debug\tests.obj
c:\projects\lab8-11\lab8-11\debug\lab8-11.new.obj.enc
c:\projects\lab8-11\debug\lab8-11.pdb
c:\projects\lab8-11\lab8-11\debug\lab8-11.tlog\cl.command.1.tlog
c:\projects\lab8-11\lab8-11\debug\lab8-11.tlog\cl.read.1.tlog
c:\projects\lab8-11\lab8-11\debug\lab8-11.tlog\cl.write.1.tlog
c:\projects\lab8-11\lab8-11\debug\lab8-11.tlog\link.7896-cvtres.read.1.tlog
c:\projects\lab8-11\lab8-11\debug\lab8-11.tlog\link.7896-cvtres.write.1.tlog
c:\projects\lab8-11\lab8-11\debug\lab8-11.tlog\link.7896-rc.read.1.tlog
c:\projects\lab8-11\lab8-11\debug\lab8-11.tlog\link.7896-rc.write.1.tlog
c:\projects\lab8-11\lab8-11\debug\lab8-11.tlog\link.7896.read.1.tlog
c:\projects\lab8-11\lab8-11\debug\lab8-11.tlog\link.7896.write.1.tlog
c:\projects\lab8-11\lab8-11\debug\lab8-11.tlog\link.command.1.tlog
c:\projects\lab8-11\lab8-11\debug\lab8-11.tlog\link.read.1.tlog
c:\projects\lab8-11\lab8-11\debug\lab8-11.tlog\link.write.1.tlog
